\BOOKMARK [1][-]{section.1}{\376\377\000I\000n\000t\000r\000o\000d\000u\000c\000t\000i\000o\000n}{}% 1
\BOOKMARK [2][-]{subsection.1.1}{\376\377\000R\000e\000l\000a\000t\000e\000d\000\040\000W\000o\000r\000k\000s\000\040\000a\000n\000d\000\040\000N\000o\000v\000e\000l\000t\000y}{section.1}% 2
\BOOKMARK [2][-]{subsection.1.2}{\376\377\000B\000a\000u\000d\000\040\000R\000a\000t\000e\000\040\000a\000n\000d\000\040\000T\000e\000l\000e\000m\000e\000t\000r\000y\000\040\000A\000p\000p\000l\000i\000c\000a\000b\000i\000l\000i\000t\000y}{section.1}% 3
\BOOKMARK [1][-]{section.2}{\376\377\000S\000y\000s\000t\000e\000m\000\040\000M\000o\000d\000e\000l}{}% 4
\BOOKMARK [2][-]{subsection.2.1}{\376\377\000B\000a\000s\000e\000b\000a\000n\000d\000\040\000M\000o\000r\000s\000e\000\040\000E\000n\000c\000o\000d\000i\000n\000g}{section.2}% 5
\BOOKMARK [2][-]{subsection.2.2}{\376\377\000H\000a\000r\000d\000w\000a\000r\000e\000\040\000S\000e\000t\000u\000p}{section.2}% 6
\BOOKMARK [1][-]{section.3}{\376\377\000C\000o\000m\000m\000u\000n\000i\000c\000a\000t\000i\000o\000n\000\040\000S\000y\000s\000t\000e\000m}{}% 7
\BOOKMARK [2][-]{subsection.3.1}{\376\377\000V\000i\000s\000i\000b\000l\000e\000\040\000L\000i\000g\000h\000t\000\040\000B\000a\000s\000e\000l\000i\000n\000e}{section.3}% 8
\BOOKMARK [3][-]{subsubsection.3.1.1}{\376\377\000H\000a\000r\000d\000w\000a\000r\000e\000\040\000L\000a\000t\000e\000n\000c\000y\000\040\000a\000n\000d\000\040\000T\000h\000e\000\040\000"\000I\000c\000e\000b\000e\000r\000g\000\040\000E\000f\000f\000e\000c\000t\000"}{subsection.3.1}% 9
\BOOKMARK [3][-]{subsubsection.3.1.2}{\376\377\000V\000i\000s\000i\000b\000l\000e\000\040\000L\000i\000g\000h\000t\000\040\000R\000e\000s\000u\000l\000t\000s}{subsection.3.1}% 10
\BOOKMARK [2][-]{subsection.3.2}{\376\377\000I\000n\000f\000r\000a\000r\000e\000d\000\040\000E\000v\000o\000l\000u\000t\000i\000o\000n\000\040\000a\000n\000d\000\040\000S\000D\000M}{section.3}% 11
\BOOKMARK [3][-]{subsubsection.3.2.1}{\376\377\000H\000a\000r\000d\000w\000a\000r\000e\000\040\000O\000p\000t\000i\000m\000i\000z\000a\000t\000i\000o\000n\000\040\000a\000n\000d\000\040\000S\000D\000M}{subsection.3.2}% 12
\BOOKMARK [3][-]{subsubsection.3.2.2}{\376\377\000S\000D\000M\000\040\000I\000n\000i\000t\000i\000a\000l\000i\000z\000a\000t\000i\000o\000n\000\040\000a\000n\000d\000\040\000T\000r\000a\000i\000n\000i\000n\000g\000\040\000S\000e\000q\000u\000e\000n\000c\000e}{subsection.3.2}% 13
\BOOKMARK [2][-]{subsection.3.3}{\376\377\000F\000r\000e\000q\000u\000e\000n\000c\000y\000\040\000M\000o\000d\000u\000l\000a\000t\000i\000o\000n\000\040\000a\000n\000d\000\040\000S\000o\000f\000t\000w\000a\000r\000e\000-\000D\000e\000f\000i\000n\000e\000d\000\040\000F\000i\000l\000t\000e\000r\000i\000n\000g}{section.3}% 14
\BOOKMARK [3][-]{subsubsection.3.3.1}{\376\377\000L\000i\000m\000i\000t\000a\000t\000i\000o\000n\000s\000\040\000i\000n\000\040\000D\000i\000r\000e\000c\000t\000\040\000S\000u\000n\000l\000i\000g\000h\000t\000\040\000a\000n\000d\000\040\000H\000a\000r\000d\000w\000a\000r\000e\000\040\000G\000a\000i\000n\000\040\000C\000o\000n\000t\000r\000o\000l}{subsection.3.3}% 15
\BOOKMARK [3][-]{subsubsection.3.3.2}{\376\377\0002\000\040\000k\000H\000z\000\040\000O\000n\000-\000O\000f\000f\000\040\000K\000e\000y\000i\000n\000g\000\040\000\050\000O\000O\000K\000\051\000\040\000M\000o\000d\000u\000l\000a\000t\000i\000o\000n}{subsection.3.3}% 16
\BOOKMARK [3][-]{subsubsection.3.3.3}{\376\377\000S\000a\000m\000p\000l\000i\000n\000g\000\040\000a\000n\000d\000\040\000G\000o\000e\000r\000t\000z\000e\000l\000\040\000D\000i\000g\000i\000t\000a\000l\000\040\000S\000i\000g\000n\000a\000l\000\040\000P\000r\000o\000c\000e\000s\000s\000i\000n\000g}{subsection.3.3}% 17
\BOOKMARK [1][-]{section.4}{\376\377\000E\000x\000p\000e\000r\000i\000m\000e\000n\000t\000a\000l\000\040\000R\000e\000s\000u\000l\000t\000s}{}% 18
\BOOKMARK [2][-]{subsection.4.1}{\376\377\000T\000h\000r\000o\000u\000g\000h\000p\000u\000t\000\040\000a\000n\000d\000\040\000B\000i\000t\000r\000a\000t\000e\000\040\000A\000n\000a\000l\000y\000s\000i\000s}{section.4}% 19
\BOOKMARK [2][-]{subsection.4.2}{\376\377\000R\000a\000n\000g\000e\000\040\000A\000n\000a\000l\000y\000s\000i\000s}{section.4}% 20
\BOOKMARK [1][-]{section.5}{\376\377\000C\000o\000n\000c\000l\000u\000s\000i\000o\000n\000\040\000a\000n\000d\000\040\000F\000u\000t\000u\000r\000e\000\040\000W\000o\000r\000k}{}% 21
\BOOKMARK [1][-]{section*.1}{\376\377\000R\000e\000f\000e\000r\000e\000n\000c\000e\000s}{}% 22
\BOOKMARK [1][-]{section*.2}{\376\377\000A\000p\000p\000e\000n\000d\000i\000x\000\040\000A\000:\000\040\000V\000i\000s\000i\000b\000l\000e\000\040\000L\000i\000g\000h\000t\000\040\000S\000o\000u\000r\000c\000e\000\040\000C\000o\000d\000e}{}% 23
\BOOKMARK [1][-]{section*.3}{\376\377\000A\000p\000p\000e\000n\000d\000i\000x\000\040\000B\000:\000\040\000I\000n\000f\000r\000a\000r\000e\000d\000\040\000S\000D\000M\000\040\000I\000m\000p\000l\000e\000m\000e\000n\000t\000a\000t\000i\000o\000n}{}% 24
\BOOKMARK [1][-]{section*.4}{\376\377\000A\000p\000p\000e\000n\000d\000i\000x\000\040\000C\000:\000\040\000S\000o\000f\000t\000w\000a\000r\000e\000-\000D\000e\000f\000i\000n\000e\000d\000\040\000H\000i\000g\000h\000-\000S\000o\000l\000a\000r\000\040\000E\000c\000o\000s\000y\000s\000t\000e\000m}{}% 25
